Jun-16 14:53:37.803 [main] DEBUG nextflow.cli.Launcher - $> nextflow run main.nf
Jun-16 14:53:38.010 [main] DEBUG nextflow.cli.CmdRun - N E X T F L O W  ~  version 26.04.3
Jun-16 14:53:38.034 [main] DEBUG nextflow.plugin.PluginsFacade - Setting up plugin manager > mode=prod; embedded=false; plugins-dir=/user/gent/516/vsc51676/.nextflow/plugins; core-plugins: nf-amazon@3.9.1,nf-azure@1.22.5,nf-cloudcache@0.6.0,nf-codecommit@0.5.2,nf-console@1.3.0,nf-google@1.27.3,nf-k8s@1.5.4,nf-seqera@0.20.1,nf-tower@1.28.0,nf-wave@1.21.0
Jun-16 14:53:38.057 [main] INFO  o.pf4j.DefaultPluginStatusProvider - Enabled plugins: []
Jun-16 14:53:38.058 [main] INFO  o.pf4j.DefaultPluginStatusProvider - Disabled plugins: []
Jun-16 14:53:38.061 [main] INFO  org.pf4j.DefaultPluginManager - PF4J version 3.14.1 in 'deployment' mode
Jun-16 14:53:38.078 [main] DEBUG nextflow.util.RetryConfig - Missing nextflow session - using default retry config
Jun-16 14:53:38.205 [main] DEBUG nextflow.plugin.PluginUpdater - Using plugin repository: HttpPluginRepository [registry]; url=https://registry.nextflow.io/api
Jun-16 14:53:38.210 [main] INFO  org.pf4j.AbstractPluginManager - No plugins
Jun-16 14:53:38.237 [main] DEBUG nextflow.config.ConfigBuilder - Found config local: /kyukon/home/gent/516/vsc51676/RDA_microcredential_nextflow_project/nextflow.config
Jun-16 14:53:38.240 [main] DEBUG nextflow.config.ConfigBuilder - Parsing config file: /kyukon/home/gent/516/vsc51676/RDA_microcredential_nextflow_project/nextflow.config
Jun-16 14:53:38.244 [main] DEBUG nextflow.config.ConfigParserFactory - Using config parser v2
Jun-16 14:53:38.260 [main] DEBUG nextflow.config.ConfigBuilder - Applying config profile: `standard`
Jun-16 14:53:38.646 [main] DEBUG nextflow.plugin.PluginsFacade - Plugins default=[]
Jun-16 14:53:38.647 [main] DEBUG nextflow.plugin.PluginsFacade - Plugins resolved requirement=[]
Jun-16 14:53:38.661 [main] DEBUG n.secret.LocalSecretsProvider - Secrets store: /user/gent/516/vsc51676/.nextflow/secrets/store.json
Jun-16 14:53:38.665 [main] DEBUG nextflow.secret.SecretsLoader - Discovered secrets providers: [nextflow.secret.LocalSecretsProvider@97d0c06] - activable => nextflow.secret.LocalSecretsProvider@97d0c06
Jun-16 14:53:38.677 [main] DEBUG nextflow.cli.CmdRun - Launching `main.nf` [golden_lattes] - revision: e35d0c59d6
Jun-16 14:53:38.752 [main] DEBUG nextflow.Session - Session UUID: 7889d718-61c1-4fa2-9cda-4ad1b3fc282d
Jun-16 14:53:38.753 [main] DEBUG nextflow.Session - Run name: golden_lattes
Jun-16 14:53:38.753 [main] DEBUG nextflow.Session - Executor pool size: 4
Jun-16 14:53:38.761 [main] DEBUG nextflow.file.FilePorter - File porter settings maxRetries=3; maxTransfers=50; pollTimeout=null
Jun-16 14:53:38.767 [main] DEBUG nextflow.util.ThreadPoolBuilder - Creating thread pool 'FileTransfer' minSize=10; maxSize=12; workQueue=LinkedBlockingQueue[-1]; allowCoreThreadTimeout=false
Jun-16 14:53:38.786 [main] DEBUG nextflow.cli.CmdRun - 
  Version: 26.04.3 build 12259
  Created: 28-05-2026 08:48 UTC (10:48 CEST)
  System: Linux 5.14.0-570.110.1.el9_6.x86_64
  Runtime: Groovy 4.0.31 on OpenJDK 64-Bit Server VM 25+36-LTS
  Encoding: UTF-8 (UTF-8)
  Process: 1218711@node3505.doduo.os [10.141.5.5]
  CPUs: 4 - Mem: 251.2 GB (227.2 GB) - Swap: 20 GB (19.8 GB)
Jun-16 14:53:38.819 [main] DEBUG nextflow.Session - Work-dir: /kyukon/home/gent/516/vsc51676/RDA_microcredential_nextflow_project/work [gpfs]
Jun-16 14:53:38.819 [main] DEBUG nextflow.Session - Script base path does not exist or is not a directory: /kyukon/home/gent/516/vsc51676/RDA_microcredential_nextflow_project/bin
Jun-16 14:53:38.827 [main] DEBUG nextflow.executor.ExecutorFactory - Extension executors providers=[]
Jun-16 14:53:38.837 [main] DEBUG nextflow.Session - Observer factory (v2): LinObserverFactory
Jun-16 14:53:38.839 [main] DEBUG nextflow.Session - Observer factory (v2): DefaultObserverFactory
Jun-16 14:53:38.876 [main] DEBUG nextflow.cache.CacheFactory - Using Nextflow cache factory: nextflow.cache.DefaultCacheFactory
Jun-16 14:53:38.901 [main] DEBUG nextflow.util.CustomThreadPool - Creating default thread pool > poolSize: 5; maxThreads: 1000
Jun-16 14:53:39.029 [main] DEBUG nextflow.Session - Session start
Jun-16 14:53:39.035 [main] DEBUG nextflow.script.ScriptLoaderFactory - Using script parser v2
Jun-16 14:53:39.544 [main] DEBUG nextflow.script.ScriptRunner - > Launching execution
Jun-16 14:53:39.643 [main] WARN  nextflow.script.ScriptBinding - Access to undefined parameter `outdir` -- Initialise it to a default value eg. `params.outdir = some_value`
Jun-16 14:53:39.801 [main] DEBUG nextflow.executor.ExecutorFactory - << taskConfig executor: local
Jun-16 14:53:39.801 [main] DEBUG nextflow.executor.ExecutorFactory - >> processorType: 'local'
Jun-16 14:53:39.808 [main] DEBUG nextflow.executor.Executor - [warm up] executor > local
Jun-16 14:53:39.816 [main] DEBUG n.processor.LocalPollingMonitor - Creating local task monitor for executor 'local' > cpus=4; memory=251.2 GB; capacity=4; pollInterval=100ms; dumpInterval=5m
Jun-16 14:53:39.818 [main] DEBUG n.processor.TaskPollingMonitor - >>> barrier register (monitor: local)
Jun-16 14:53:39.870 [main] DEBUG nextflow.processor.TaskProcessor - Creating process 'flash2_process': maxForks=0; fair=false; array=0
Jun-16 14:53:39.902 [main] DEBUG nextflow.Session - Process names: flash2_process, bwa_process
Jun-16 14:53:39.904 [main] DEBUG nextflow.Session - Igniting dataflow network (2)
Jun-16 14:53:39.923 [main] DEBUG nextflow.processor.TaskProcessor - Starting process > flash2_process
Jun-16 14:53:39.928 [main] DEBUG nextflow.script.ScriptRunner - Parsed script files:
  _nf_script_d442f8ad47695f44: /kyukon/home/gent/516/vsc51676/RDA_microcredential_nextflow_project/modules/step2_bwa.nf
  Main: /kyukon/home/gent/516/vsc51676/RDA_microcredential_nextflow_project/main.nf
  _nf_script_7b02747aa740ac47: /kyukon/home/gent/516/vsc51676/RDA_microcredential_nextflow_project/modules/step1_flash2.nf
Jun-16 14:53:39.929 [main] DEBUG nextflow.script.ScriptRunner - > Awaiting termination 
Jun-16 14:53:39.929 [main] DEBUG nextflow.Session - Session await
Jun-16 14:53:40.084 [Actor Thread 1] DEBUG nextflow.container.SingularityCache - Apptainer found local store for image=docker://flash2.sif; path=/scratch/gent/516/vsc51676/.apptainer_cache/flash2.sif
Jun-16 14:53:40.193 [Task submitter] DEBUG n.executor.local.LocalTaskHandler - Launch cmd line: /bin/bash -ue .command.run
Jun-16 14:53:40.196 [Task submitter] INFO  nextflow.Session - [40/97ea76] Submitted process > flash2_process (sample2)
Jun-16 14:53:40.220 [Task submitter] DEBUG n.executor.local.LocalTaskHandler - Launch cmd line: /bin/bash -ue .command.run
Jun-16 14:53:40.221 [Task submitter] INFO  nextflow.Session - [3e/b85bfa] Submitted process > flash2_process (sample4)
Jun-16 14:53:40.234 [Task submitter] DEBUG n.executor.local.LocalTaskHandler - Launch cmd line: /bin/bash -ue .command.run
Jun-16 14:53:40.238 [Task submitter] INFO  nextflow.Session - [d3/936323] Submitted process > flash2_process (sample3)
Jun-16 14:53:40.252 [Task submitter] DEBUG n.executor.local.LocalTaskHandler - Launch cmd line: /bin/bash -ue .command.run
Jun-16 14:53:40.256 [Task submitter] INFO  nextflow.Session - [15/6ae3b9] Submitted process > flash2_process (sample1)
Jun-16 14:54:08.635 [Task monitor] DEBUG n.processor.TaskPollingMonitor - Task completed > TaskHandler[id: 4; name: flash2_process (sample4); status: COMPLETED; exit: 0; error: -; workDir: /kyukon/home/gent/516/vsc51676/RDA_microcredential_nextflow_project/work/3e/b85bfa697216a45eed4af6fa958194]
Jun-16 14:54:08.636 [Task monitor] DEBUG nextflow.util.ThreadPoolBuilder - Creating thread pool 'TaskFinalizer' minSize=10; maxSize=12; workQueue=LinkedBlockingQueue[-1]; allowCoreThreadTimeout=false
Jun-16 14:54:08.702 [TaskFinalizer-1] DEBUG nextflow.util.ThreadPoolBuilder - Creating thread pool 'PublishDir' minSize=10; maxSize=12; workQueue=LinkedBlockingQueue[-1]; allowCoreThreadTimeout=false
Jun-16 14:54:21.951 [Task monitor] DEBUG n.processor.TaskPollingMonitor - Task completed > TaskHandler[id: 3; name: flash2_process (sample3); status: COMPLETED; exit: 0; error: -; workDir: /kyukon/home/gent/516/vsc51676/RDA_microcredential_nextflow_project/work/d3/936323a006e0570c412e7185785fb6]
Jun-16 14:54:22.125 [Task monitor] DEBUG n.processor.TaskPollingMonitor - Task completed > TaskHandler[id: 1; name: flash2_process (sample1); status: COMPLETED; exit: 0; error: -; workDir: /kyukon/home/gent/516/vsc51676/RDA_microcredential_nextflow_project/work/15/6ae3b9eb7c5c09976e10aade67fbab]
Jun-16 14:54:24.681 [Task monitor] DEBUG n.processor.TaskPollingMonitor - Task completed > TaskHandler[id: 2; name: flash2_process (sample2); status: COMPLETED; exit: 0; error: -; workDir: /kyukon/home/gent/516/vsc51676/RDA_microcredential_nextflow_project/work/40/97ea76641d9cd2190524c6fc25f3d4]
Jun-16 14:54:24.690 [main] DEBUG nextflow.Session - Session await > all processes finished
Jun-16 14:54:24.781 [Task monitor] DEBUG n.processor.TaskPollingMonitor - <<< barrier arrives (monitor: local) - terminating tasks monitor poll loop
Jun-16 14:54:24.781 [main] DEBUG nextflow.Session - Session await > all barriers passed
Jun-16 14:54:24.784 [main] DEBUG nextflow.util.ThreadPoolManager - Thread pool 'TaskFinalizer' shutdown completed (hard=false)
Jun-16 14:54:25.714 [PublishDir-10] DEBUG nextflow.processor.PublishDir - Failed to publish file: /kyukon/home/gent/516/vsc51676/RDA_microcredential_nextflow_project/work/40/97ea76641d9cd2190524c6fc25f3d4/sample2.extendedFrags.fastq; to: /kyukon/home/gent/516/vsc51676/RDA_microcredential_nextflow_project/results/flash2/sample2.extendedFrags.fastq [copy] -- attempt: 1; reason: Disk quota exceeded
Jun-16 14:54:26.465 [PublishDir-4] DEBUG nextflow.processor.PublishDir - Failed to publish file: /kyukon/home/gent/516/vsc51676/RDA_microcredential_nextflow_project/work/d3/936323a006e0570c412e7185785fb6/sample3.extendedFrags.fastq; to: /kyukon/home/gent/516/vsc51676/RDA_microcredential_nextflow_project/results/flash2/sample3.extendedFrags.fastq [copy] -- attempt: 1; reason: Disk quota exceeded
Jun-16 14:54:26.778 [PublishDir-7] DEBUG nextflow.processor.PublishDir - Failed to publish file: /kyukon/home/gent/516/vsc51676/RDA_microcredential_nextflow_project/work/15/6ae3b9eb7c5c09976e10aade67fbab/sample1.extendedFrags.fastq; to: /kyukon/home/gent/516/vsc51676/RDA_microcredential_nextflow_project/results/flash2/sample1.extendedFrags.fastq [copy] -- attempt: 1; reason: Disk quota exceeded
Jun-16 14:54:27.617 [PublishDir-7] DEBUG nextflow.processor.PublishDir - Failed to publish file: /kyukon/home/gent/516/vsc51676/RDA_microcredential_nextflow_project/work/15/6ae3b9eb7c5c09976e10aade67fbab/sample1.extendedFrags.fastq; to: /kyukon/home/gent/516/vsc51676/RDA_microcredential_nextflow_project/results/flash2/sample1.extendedFrags.fastq [copy] -- attempt: 2; reason: Disk quota exceeded
Jun-16 14:54:27.718 [PublishDir-4] DEBUG nextflow.processor.PublishDir - Failed to publish file: /kyukon/home/gent/516/vsc51676/RDA_microcredential_nextflow_project/work/d3/936323a006e0570c412e7185785fb6/sample3.extendedFrags.fastq; to: /kyukon/home/gent/516/vsc51676/RDA_microcredential_nextflow_project/results/flash2/sample3.extendedFrags.fastq [copy] -- attempt: 2; reason: Disk quota exceeded
Jun-16 14:54:28.193 [PublishDir-10] DEBUG nextflow.processor.PublishDir - Failed to publish file: /kyukon/home/gent/516/vsc51676/RDA_microcredential_nextflow_project/work/40/97ea76641d9cd2190524c6fc25f3d4/sample2.extendedFrags.fastq; to: /kyukon/home/gent/516/vsc51676/RDA_microcredential_nextflow_project/results/flash2/sample2.extendedFrags.fastq [copy] -- attempt: 2; reason: Disk quota exceeded
Jun-16 14:54:29.197 [PublishDir-7] DEBUG nextflow.processor.PublishDir - Failed to publish file: /kyukon/home/gent/516/vsc51676/RDA_microcredential_nextflow_project/work/15/6ae3b9eb7c5c09976e10aade67fbab/sample1.extendedFrags.fastq; to: /kyukon/home/gent/516/vsc51676/RDA_microcredential_nextflow_project/results/flash2/sample1.extendedFrags.fastq [copy] -- attempt: 3; reason: Disk quota exceeded
Jun-16 14:54:29.351 [PublishDir-10] DEBUG nextflow.processor.PublishDir - Failed to publish file: /kyukon/home/gent/516/vsc51676/RDA_microcredential_nextflow_project/work/40/97ea76641d9cd2190524c6fc25f3d4/sample2.extendedFrags.fastq; to: /kyukon/home/gent/516/vsc51676/RDA_microcredential_nextflow_project/results/flash2/sample2.extendedFrags.fastq [copy] -- attempt: 3; reason: Disk quota exceeded
Jun-16 14:54:29.555 [PublishDir-4] DEBUG nextflow.processor.PublishDir - Failed to publish file: /kyukon/home/gent/516/vsc51676/RDA_microcredential_nextflow_project/work/d3/936323a006e0570c412e7185785fb6/sample3.extendedFrags.fastq; to: /kyukon/home/gent/516/vsc51676/RDA_microcredential_nextflow_project/results/flash2/sample3.extendedFrags.fastq [copy] -- attempt: 3; reason: Disk quota exceeded
Jun-16 14:54:29.785 [main] INFO  nextflow.util.ThreadPoolHelper - Waiting for file transfers to complete (3 files)
Jun-16 14:54:31.930 [PublishDir-4] DEBUG nextflow.processor.PublishDir - Failed to publish file: /kyukon/home/gent/516/vsc51676/RDA_microcredential_nextflow_project/work/d3/936323a006e0570c412e7185785fb6/sample3.extendedFrags.fastq; to: /kyukon/home/gent/516/vsc51676/RDA_microcredential_nextflow_project/results/flash2/sample3.extendedFrags.fastq [copy] -- attempt: 4; reason: Disk quota exceeded
Jun-16 14:54:32.132 [PublishDir-4] ERROR nextflow.processor.PublishDir - Failed to publish file: /kyukon/home/gent/516/vsc51676/RDA_microcredential_nextflow_project/work/d3/936323a006e0570c412e7185785fb6/sample3.extendedFrags.fastq; to: /kyukon/home/gent/516/vsc51676/RDA_microcredential_nextflow_project/results/flash2/sample3.extendedFrags.fastq [copy] -- See log file for details
dev.failsafe.FailsafeException: java.io.IOException: Disk quota exceeded
	at dev.failsafe.SyncExecutionImpl.executeSync(SyncExecutionImpl.java:196)
	at dev.failsafe.FailsafeExecutor.call(FailsafeExecutor.java:376)
	at dev.failsafe.FailsafeExecutor.get(FailsafeExecutor.java:123)
	at nextflow.processor.PublishDir.retryableProcessFile(PublishDir.groovy:408)
	at nextflow.processor.PublishDir.safeProcessFile(PublishDir.groovy:379)
	at java.base/jdk.internal.reflect.DirectMethodHandleAccessor.invoke(DirectMethodHandleAccessor.java:104)
	at java.base/java.lang.reflect.Method.invoke(Method.java:565)
	at org.codehaus.groovy.reflection.CachedMethod.invoke(CachedMethod.java:343)
	at groovy.lang.MetaMethod.doMethodInvoke(MetaMethod.java:328)
	at groovy.lang.MetaClassImpl.doInvokeMethod(MetaClassImpl.java:1341)
	at groovy.lang.MetaClassImpl.invokeMethod(MetaClassImpl.java:1096)
	at groovy.lang.MetaClassImpl.invokeMethod(MetaClassImpl.java:1009)
	at org.codehaus.groovy.runtime.InvokerHelper.invokePogoMethod(InvokerHelper.java:645)
	at org.codehaus.groovy.runtime.InvokerHelper.invokeMethod(InvokerHelper.java:628)
	at org.codehaus.groovy.runtime.InvokerHelper.invokeMethodSafe(InvokerHelper.java:82)
	at nextflow.processor.PublishDir$_apply1_closure2.doCall(PublishDir.groovy:354)
	at nextflow.processor.PublishDir$_apply1_closure2.call(PublishDir.groovy)
	at groovy.lang.Closure.run(Closure.java:505)
	at java.base/java.util.concurrent.Executors$RunnableAdapter.call(Executors.java:545)
	at java.base/java.util.concurrent.FutureTask.run(FutureTask.java:328)
	at java.base/java.util.concurrent.ThreadPoolExecutor.runWorker(ThreadPoolExecutor.java:1090)
	at java.base/java.util.concurrent.ThreadPoolExecutor$Worker.run(ThreadPoolExecutor.java:614)
	at java.base/java.lang.Thread.run(Thread.java:1474)
Caused by: java.io.IOException: Disk quota exceeded
	at java.base/sun.nio.fs.LinuxNativeDispatcher.directCopy0(Native Method)
	at java.base/sun.nio.fs.LinuxFileSystem.directCopy(LinuxFileSystem.java:159)
	at java.base/sun.nio.fs.UnixFileSystem.copyFile(UnixFileSystem.java:646)
	at java.base/sun.nio.fs.UnixFileSystem.copy(UnixFileSystem.java:1022)
	at java.base/sun.nio.fs.UnixFileSystemProvider.copy(UnixFileSystemProvider.java:280)
	at nextflow.file.FileHelper.copyPath(FileHelper.groovy:1004)
	at nextflow.processor.PublishDir.processFileImpl(PublishDir.groovy:519)
	at nextflow.processor.PublishDir.processFile(PublishDir.groovy:418)
	at java.base/jdk.internal.reflect.DirectMethodHandleAccessor.invoke(DirectMethodHandleAccessor.java:104)
	at java.base/java.lang.reflect.Method.invoke(Method.java:565)
	at org.codehaus.groovy.reflection.CachedMethod.invoke(CachedMethod.java:343)
	at groovy.lang.MetaMethod.doMethodInvoke(MetaMethod.java:328)
	at groovy.lang.MetaClassImpl.doInvokeMethod(MetaClassImpl.java:1341)
	at groovy.lang.MetaClassImpl.invokeMethod(MetaClassImpl.java:1096)
	at groovy.lang.MetaClassImpl.invokeMethod(MetaClassImpl.java:1009)
	at org.codehaus.groovy.runtime.InvokerHelper.invokePogoMethod(InvokerHelper.java:645)
	at org.codehaus.groovy.runtime.InvokerHelper.invokeMethod(InvokerHelper.java:628)
	at org.codehaus.groovy.runtime.InvokerHelper.invokeMethodSafe(InvokerHelper.java:82)
	at nextflow.processor.PublishDir$_retryableProcessFile_closure3.doCall(PublishDir.groovy:409)
	at java.base/jdk.internal.reflect.DirectMethodHandleAccessor.invoke(DirectMethodHandleAccessor.java:104)
	at java.base/java.lang.reflect.Method.invoke(Method.java:565)
	at org.codehaus.groovy.reflection.CachedMethod.invoke(CachedMethod.java:343)
	at groovy.lang.MetaMethod.doMethodInvoke(MetaMethod.java:328)
	at org.codehaus.groovy.runtime.metaclass.ClosureMetaClass.invokeMethod(ClosureMetaClass.java:280)
	at groovy.lang.MetaClassImpl.invokeMethod(MetaClassImpl.java:1009)
	at groovy.lang.Closure.call(Closure.java:433)
	at org.codehaus.groovy.runtime.ConvertedClosure.invokeCustom(ConvertedClosure.java:52)
	at org.codehaus.groovy.runtime.ConversionHandler.invoke(ConversionHandler.java:113)
	at jdk.proxy2/jdk.proxy2.$Proxy38.get(Unknown Source)
	at dev.failsafe.Functions.lambda$get$0(Functions.java:46)
	at dev.failsafe.internal.RetryPolicyExecutor.lambda$apply$0(RetryPolicyExecutor.java:74)
	at dev.failsafe.SyncExecutionImpl.executeSync(SyncExecutionImpl.java:187)
	... 22 common frames omitted
Jun-16 14:54:32.138 [PublishDir-4] DEBUG nextflow.Session - Session aborted -- Cause: java.io.IOException: Disk quota exceeded
Jun-16 14:54:32.154 [PublishDir-4] DEBUG n.trace.WorkflowStatsObserver - Workflow completed > WorkflowStats[succeededCount=4; failedCount=0; ignoredCount=0; cachedCount=0; pendingCount=0; submittedCount=0; runningCount=0; retriesCount=0; abortedCount=0; succeedDuration=2m 36s; failedDuration=0ms; cachedDuration=0ms;loadCpus=0; loadMemory=0; peakRunning=4; peakCpus=4; peakMemory=0; ]
Jun-16 14:54:32.565 [PublishDir-7] DEBUG nextflow.processor.PublishDir - Failed to publish file: /kyukon/home/gent/516/vsc51676/RDA_microcredential_nextflow_project/work/15/6ae3b9eb7c5c09976e10aade67fbab/sample1.extendedFrags.fastq; to: /kyukon/home/gent/516/vsc51676/RDA_microcredential_nextflow_project/results/flash2/sample1.extendedFrags.fastq [copy] -- attempt: 4; reason: Disk quota exceeded
Jun-16 14:54:32.967 [PublishDir-7] ERROR nextflow.processor.PublishDir - Failed to publish file: /kyukon/home/gent/516/vsc51676/RDA_microcredential_nextflow_project/work/15/6ae3b9eb7c5c09976e10aade67fbab/sample1.extendedFrags.fastq; to: /kyukon/home/gent/516/vsc51676/RDA_microcredential_nextflow_project/results/flash2/sample1.extendedFrags.fastq [copy] -- See log file for details
dev.failsafe.FailsafeException: java.io.IOException: Disk quota exceeded
	at dev.failsafe.SyncExecutionImpl.executeSync(SyncExecutionImpl.java:196)
	at dev.failsafe.FailsafeExecutor.call(FailsafeExecutor.java:376)
	at dev.failsafe.FailsafeExecutor.get(FailsafeExecutor.java:123)
	at nextflow.processor.PublishDir.retryableProcessFile(PublishDir.groovy:408)
	at nextflow.processor.PublishDir.safeProcessFile(PublishDir.groovy:379)
	at java.base/jdk.internal.reflect.DirectMethodHandleAccessor.invoke(DirectMethodHandleAccessor.java:104)
	at java.base/java.lang.reflect.Method.invoke(Method.java:565)
	at org.codehaus.groovy.reflection.CachedMethod.invoke(CachedMethod.java:343)
	at groovy.lang.MetaMethod.doMethodInvoke(MetaMethod.java:328)
	at groovy.lang.MetaClassImpl.doInvokeMethod(MetaClassImpl.java:1341)
	at groovy.lang.MetaClassImpl.invokeMethod(MetaClassImpl.java:1096)
	at groovy.lang.MetaClassImpl.invokeMethod(MetaClassImpl.java:1009)
	at org.codehaus.groovy.runtime.InvokerHelper.invokePogoMethod(InvokerHelper.java:645)
	at org.codehaus.groovy.runtime.InvokerHelper.invokeMethod(InvokerHelper.java:628)
	at org.codehaus.groovy.runtime.InvokerHelper.invokeMethodSafe(InvokerHelper.java:82)
	at nextflow.processor.PublishDir$_apply1_closure2.doCall(PublishDir.groovy:354)
	at nextflow.processor.PublishDir$_apply1_closure2.call(PublishDir.groovy)
	at groovy.lang.Closure.run(Closure.java:505)
	at java.base/java.util.concurrent.Executors$RunnableAdapter.call(Executors.java:545)
	at java.base/java.util.concurrent.FutureTask.run(FutureTask.java:328)
	at java.base/java.util.concurrent.ThreadPoolExecutor.runWorker(ThreadPoolExecutor.java:1090)
	at java.base/java.util.concurrent.ThreadPoolExecutor$Worker.run(ThreadPoolExecutor.java:614)
	at java.base/java.lang.Thread.run(Thread.java:1474)
Caused by: java.io.IOException: Disk quota exceeded
	at java.base/sun.nio.fs.LinuxNativeDispatcher.directCopy0(Native Method)
	at java.base/sun.nio.fs.LinuxFileSystem.directCopy(LinuxFileSystem.java:159)
	at java.base/sun.nio.fs.UnixFileSystem.copyFile(UnixFileSystem.java:646)
	at java.base/sun.nio.fs.UnixFileSystem.copy(UnixFileSystem.java:1022)
	at java.base/sun.nio.fs.UnixFileSystemProvider.copy(UnixFileSystemProvider.java:280)
	at nextflow.file.FileHelper.copyPath(FileHelper.groovy:1004)
	at nextflow.processor.PublishDir.processFileImpl(PublishDir.groovy:519)
	at nextflow.processor.PublishDir.processFile(PublishDir.groovy:418)
	at java.base/jdk.internal.reflect.DirectMethodHandleAccessor.invoke(DirectMethodHandleAccessor.java:104)
	at java.base/java.lang.reflect.Method.invoke(Method.java:565)
	at org.codehaus.groovy.reflection.CachedMethod.invoke(CachedMethod.java:343)
	at groovy.lang.MetaMethod.doMethodInvoke(MetaMethod.java:328)
	at groovy.lang.MetaClassImpl.doInvokeMethod(MetaClassImpl.java:1341)
	at groovy.lang.MetaClassImpl.invokeMethod(MetaClassImpl.java:1096)
	at groovy.lang.MetaClassImpl.invokeMethod(MetaClassImpl.java:1009)
	at org.codehaus.groovy.runtime.InvokerHelper.invokePogoMethod(InvokerHelper.java:645)
	at org.codehaus.groovy.runtime.InvokerHelper.invokeMethod(InvokerHelper.java:628)
	at org.codehaus.groovy.runtime.InvokerHelper.invokeMethodSafe(InvokerHelper.java:82)
	at nextflow.processor.PublishDir$_retryableProcessFile_closure3.doCall(PublishDir.groovy:409)
	at java.base/jdk.internal.reflect.DirectMethodHandleAccessor.invoke(DirectMethodHandleAccessor.java:104)
	at java.base/java.lang.reflect.Method.invoke(Method.java:565)
	at org.codehaus.groovy.reflection.CachedMethod.invoke(CachedMethod.java:343)
	at groovy.lang.MetaMethod.doMethodInvoke(MetaMethod.java:328)
	at org.codehaus.groovy.runtime.metaclass.ClosureMetaClass.invokeMethod(ClosureMetaClass.java:280)
	at groovy.lang.MetaClassImpl.invokeMethod(MetaClassImpl.java:1009)
	at groovy.lang.Closure.call(Closure.java:433)
	at org.codehaus.groovy.runtime.ConvertedClosure.invokeCustom(ConvertedClosure.java:52)
	at org.codehaus.groovy.runtime.ConversionHandler.invoke(ConversionHandler.java:113)
	at jdk.proxy2/jdk.proxy2.$Proxy38.get(Unknown Source)
	at dev.failsafe.Functions.lambda$get$0(Functions.java:46)
	at dev.failsafe.internal.RetryPolicyExecutor.lambda$apply$0(RetryPolicyExecutor.java:74)
	at dev.failsafe.SyncExecutionImpl.executeSync(SyncExecutionImpl.java:187)
	... 22 common frames omitted
Jun-16 14:54:35.740 [PublishDir-10] DEBUG nextflow.processor.PublishDir - Failed to publish file: /kyukon/home/gent/516/vsc51676/RDA_microcredential_nextflow_project/work/40/97ea76641d9cd2190524c6fc25f3d4/sample2.extendedFrags.fastq; to: /kyukon/home/gent/516/vsc51676/RDA_microcredential_nextflow_project/results/flash2/sample2.extendedFrags.fastq [copy] -- attempt: 4; reason: Disk quota exceeded
Jun-16 14:54:38.409 [PublishDir-10] ERROR nextflow.processor.PublishDir - Failed to publish file: /kyukon/home/gent/516/vsc51676/RDA_microcredential_nextflow_project/work/40/97ea76641d9cd2190524c6fc25f3d4/sample2.extendedFrags.fastq; to: /kyukon/home/gent/516/vsc51676/RDA_microcredential_nextflow_project/results/flash2/sample2.extendedFrags.fastq [copy] -- See log file for details
dev.failsafe.FailsafeException: java.io.IOException: Disk quota exceeded
	at dev.failsafe.SyncExecutionImpl.executeSync(SyncExecutionImpl.java:196)
	at dev.failsafe.FailsafeExecutor.call(FailsafeExecutor.java:376)
	at dev.failsafe.FailsafeExecutor.get(FailsafeExecutor.java:123)
	at nextflow.processor.PublishDir.retryableProcessFile(PublishDir.groovy:408)
	at nextflow.processor.PublishDir.safeProcessFile(PublishDir.groovy:379)
	at java.base/jdk.internal.reflect.DirectMethodHandleAccessor.invoke(DirectMethodHandleAccessor.java:104)
	at java.base/java.lang.reflect.Method.invoke(Method.java:565)
	at org.codehaus.groovy.reflection.CachedMethod.invoke(CachedMethod.java:343)
	at groovy.lang.MetaMethod.doMethodInvoke(MetaMethod.java:328)
	at groovy.lang.MetaClassImpl.doInvokeMethod(MetaClassImpl.java:1341)
	at groovy.lang.MetaClassImpl.invokeMethod(MetaClassImpl.java:1096)
	at groovy.lang.MetaClassImpl.invokeMethod(MetaClassImpl.java:1009)
	at org.codehaus.groovy.runtime.InvokerHelper.invokePogoMethod(InvokerHelper.java:645)
	at org.codehaus.groovy.runtime.InvokerHelper.invokeMethod(InvokerHelper.java:628)
	at org.codehaus.groovy.runtime.InvokerHelper.invokeMethodSafe(InvokerHelper.java:82)
	at nextflow.processor.PublishDir$_apply1_closure2.doCall(PublishDir.groovy:354)
	at nextflow.processor.PublishDir$_apply1_closure2.call(PublishDir.groovy)
	at groovy.lang.Closure.run(Closure.java:505)
	at java.base/java.util.concurrent.Executors$RunnableAdapter.call(Executors.java:545)
	at java.base/java.util.concurrent.FutureTask.run(FutureTask.java:328)
	at java.base/java.util.concurrent.ThreadPoolExecutor.runWorker(ThreadPoolExecutor.java:1090)
	at java.base/java.util.concurrent.ThreadPoolExecutor$Worker.run(ThreadPoolExecutor.java:614)
	at java.base/java.lang.Thread.run(Thread.java:1474)
Caused by: java.io.IOException: Disk quota exceeded
	at java.base/sun.nio.fs.LinuxNativeDispatcher.directCopy0(Native Method)
	at java.base/sun.nio.fs.LinuxFileSystem.directCopy(LinuxFileSystem.java:159)
	at java.base/sun.nio.fs.UnixFileSystem.copyFile(UnixFileSystem.java:646)
	at java.base/sun.nio.fs.UnixFileSystem.copy(UnixFileSystem.java:1022)
	at java.base/sun.nio.fs.UnixFileSystemProvider.copy(UnixFileSystemProvider.java:280)
	at nextflow.file.FileHelper.copyPath(FileHelper.groovy:1004)
	at nextflow.processor.PublishDir.processFileImpl(PublishDir.groovy:519)
	at nextflow.processor.PublishDir.processFile(PublishDir.groovy:418)
	at java.base/jdk.internal.reflect.DirectMethodHandleAccessor.invoke(DirectMethodHandleAccessor.java:104)
	at java.base/java.lang.reflect.Method.invoke(Method.java:565)
	at org.codehaus.groovy.reflection.CachedMethod.invoke(CachedMethod.java:343)
	at groovy.lang.MetaMethod.doMethodInvoke(MetaMethod.java:328)
	at groovy.lang.MetaClassImpl.doInvokeMethod(MetaClassImpl.java:1341)
	at groovy.lang.MetaClassImpl.invokeMethod(MetaClassImpl.java:1096)
	at groovy.lang.MetaClassImpl.invokeMethod(MetaClassImpl.java:1009)
	at org.codehaus.groovy.runtime.InvokerHelper.invokePogoMethod(InvokerHelper.java:645)
	at org.codehaus.groovy.runtime.InvokerHelper.invokeMethod(InvokerHelper.java:628)
	at org.codehaus.groovy.runtime.InvokerHelper.invokeMethodSafe(InvokerHelper.java:82)
	at nextflow.processor.PublishDir$_retryableProcessFile_closure3.doCall(PublishDir.groovy:409)
	at java.base/jdk.internal.reflect.DirectMethodHandleAccessor.invoke(DirectMethodHandleAccessor.java:104)
	at java.base/java.lang.reflect.Method.invoke(Method.java:565)
	at org.codehaus.groovy.reflection.CachedMethod.invoke(CachedMethod.java:343)
	at groovy.lang.MetaMethod.doMethodInvoke(MetaMethod.java:328)
	at org.codehaus.groovy.runtime.metaclass.ClosureMetaClass.invokeMethod(ClosureMetaClass.java:280)
	at groovy.lang.MetaClassImpl.invokeMethod(MetaClassImpl.java:1009)
	at groovy.lang.Closure.call(Closure.java:433)
	at org.codehaus.groovy.runtime.ConvertedClosure.invokeCustom(ConvertedClosure.java:52)
	at org.codehaus.groovy.runtime.ConversionHandler.invoke(ConversionHandler.java:113)
	at jdk.proxy2/jdk.proxy2.$Proxy38.get(Unknown Source)
	at dev.failsafe.Functions.lambda$get$0(Functions.java:46)
	at dev.failsafe.internal.RetryPolicyExecutor.lambda$apply$0(RetryPolicyExecutor.java:74)
	at dev.failsafe.SyncExecutionImpl.executeSync(SyncExecutionImpl.java:187)
	... 22 common frames omitted
Jun-16 14:54:38.409 [main] DEBUG nextflow.util.ThreadPoolManager - Thread pool 'PublishDir' shutdown completed (hard=false)
Jun-16 14:54:38.409 [main] DEBUG n.trace.WorkflowStatsObserver - Workflow completed > WorkflowStats[succeededCount=4; failedCount=0; ignoredCount=0; cachedCount=0; pendingCount=0; submittedCount=0; runningCount=0; retriesCount=0; abortedCount=0; succeedDuration=2m 36s; failedDuration=0ms; cachedDuration=0ms;loadCpus=0; loadMemory=0; peakRunning=4; peakCpus=4; peakMemory=0; ]
Jun-16 14:54:38.424 [main] DEBUG nextflow.cache.CacheDB - Closing CacheDB done
Jun-16 14:54:38.444 [main] DEBUG nextflow.script.ScriptRunner - > Execution complete -- Goodbye
